2026-05-07T09:58:53.656Z [http]: GET /photos
2026-05-07T09:58:55.494Z [http]: GET /favicon.ico
2026-05-07T10:01:41.852Z [http]: GET /photos
2026-05-07T10:01:43.548Z [error]: Unexpected token 'o', "[object Obj"... is not valid JSON
2026-05-07T10:01:45.188Z [http]: GET /favicon.ico
2026-05-07T10:02:40.805Z [http]: GET /photos
2026-05-07T10:02:42.291Z [http]: GET /favicon.ico
2026-05-07T10:07:41.398Z [info]: Message from frontend
2026-05-07T10:08:19.310Z [info]: Message from frontend sdg
2026-05-07T14:58:03.377Z [http]: POST /agent
2026-05-07T14:58:55.132Z [http]: POST /agent
2026-05-07T15:01:22.688Z [http]: POST /agent
2026-05-07T15:02:12.037Z [http]: POST /agent
2026-05-07T15:02:34.079Z [http]: POST /agent
2026-05-07T15:02:59.068Z [http]: POST /agent
2026-05-07T15:32:42.662Z [http]: POST /agent
2026-05-07T15:44:29.249Z [http]: POST /agent
2026-05-07T15:44:42.049Z [http]: POST /agent
2026-05-07T17:57:37.010Z [http]: POST /agent
2026-05-07T17:57:40.804Z [info]: [object Object]
2026-05-07T17:59:51.359Z [http]: POST /agent
